# JRE version: 7.0_11-b21
# Java VM: Java HotSpot(TM) 64-Bit Server VM (23.6-b04 mixed mode bsd-amd64 compressed oops)
Heap
 def new generation   total 1984K, used 1608K [0x00000007f4e00000, 0x00000007f5020000, 0x00000007f6e00000)
  eden space 1792K,  79% used [0x00000007f4e00000, 0x00000007f4f62190, 0x00000007f4fc0000)
  from space 192K, 100% used [0x00000007f4fc0000, 0x00000007f4ff0000, 0x00000007f4ff0000)
  to   space 192K,   0% used [0x00000007f4ff0000, 0x00000007f4ff0000, 0x00000007f5020000)
 tenured generation   total 4480K, used 1812K [0x00000007f6e00000, 0x00000007f7260000, 0x00000007fae00000)
   the space 4480K,  40% used [0x00000007f6e00000, 0x00000007f6fc50e0, 0x00000007f6fc5200, 0x00000007f7260000)
 compacting perm gen  total 21248K, used 6214K [0x00000007fae00000, 0x00000007fc2c0000, 0x0000000800000000)
   the space 21248K,  29% used [0x00000007fae00000, 0x00000007fb411a28, 0x00000007fb411c00, 0x00000007fc2c0000)
GC Heap History (10 events):
Event: 0.247 GC heap before
{Heap before GC invocations=1 (full 0):
 def new generation   total 1984K, used 1984K [0x00000007f4e00000, 0x00000007f5020000, 0x00000007f6e00000)
  eden space 1792K, 100% used [0x00000007f4e00000, 0x00000007f4fc0000, 0x00000007f4fc0000)
  from space 192K, 100% used [0x00000007f4ff0000, 0x00000007f5020000, 0x00000007f5020000)
  to   space 192K,   0% used [0x00000007f4fc0000, 0x00000007f4fc0000, 0x00000007f4ff0000)
 tenured generation   total 4480K, used 468K [0x00000007f6e00000, 0x00000007f7260000, 0x00000007fae00000)
   the space 4480K,  10% used [0x00000007f6e00000, 0x00000007f6e750a8, 0x00000007f6e75200, 0x00000007f7260000)
 compacting perm gen  total 21248K, used 3456K [0x00000007fae00000, 0x00000007fc2c0000, 0x0000000800000000)
   the space 21248K,  16% used [0x00000007fae00000, 0x00000007fb1602c8, 0x00000007fb160400, 0x00000007fc2c0000)
No shared spaces configured.
Event: 0.252 GC heap after
Heap after GC invocations=2 (full 0):
 def new generation   total 1984K, used 191K [0x00000007f4e00000, 0x00000007f5020000, 0x00000007f6e00000)
  eden space 1792K,   0% used [0x00000007f4e00000, 0x00000007f4e00000, 0x00000007f4fc0000)
  from space 192K,  99% used [0x00000007f4fc0000, 0x00000007f4fefff8, 0x00000007f4ff0000)
  to   space 192K,   0% used [0x00000007f4ff0000, 0x00000007f4ff0000, 0x00000007f5020000)
 tenured generation   total 4480K, used 850K [0x00000007f6e00000, 0x00000007f7260000, 0x00000007fae00000)
   the space 4480K,  18% used [0x00000007f6e00000, 0x00000007f6ed4b50, 0x00000007f6ed4c00, 0x00000007f7260000)
 compacting perm gen  total 21248K, used 3456K [0x00000007fae00000, 0x00000007fc2c0000, 0x0000000800000000)
   the space 21248K,  16% used [0x00000007fae00000, 0x00000007fb1602c8, 0x00000007fb160400, 0x00000007fc2c0000)
No shared spaces configured.
}
Event: 0.345 GC heap before
{Heap before GC invocations=2 (full 0):
 def new generation   total 1984K, used 1973K [0x00000007f4e00000, 0x00000007f5020000, 0x00000007f6e00000)
  eden space 1792K,  99% used [0x00000007f4e00000, 0x00000007f4fbd418, 0x00000007f4fc0000)
  from space 192K,  99% used [0x00000007f4fc0000, 0x00000007f4fefff8, 0x00000007f4ff0000)
  to   space 192K,   0% used [0x00000007f4ff0000, 0x00000007f4ff0000, 0x00000007f5020000)
 tenured generation   total 4480K, used 850K [0x00000007f6e00000, 0x00000007f7260000, 0x00000007fae00000)
   the space 4480K,  18% used [0x00000007f6e00000, 0x00000007f6ed4b50, 0x00000007f6ed4c00, 0x00000007f7260000)
 compacting perm gen  total 21248K, used 4599K [0x00000007fae00000, 0x00000007fc2c0000, 0x0000000800000000)
   the space 21248K,  21% used [0x00000007fae00000, 0x00000007fb27dd48, 0x00000007fb27de00, 0x00000007fc2c0000)
No shared spaces configured.
Event: 0.350 GC heap after
Heap after GC invocations=3 (full 0):
 def new generation   total 1984K, used 192K [0x00000007f4e00000, 0x00000007f5020000, 0x00000007f6e00000)
  eden space 1792K,   0% used [0x00000007f4e00000, 0x00000007f4e00000, 0x00000007f4fc0000)
  from space 192K, 100% used [0x00000007f4ff0000, 0x00000007f5020000, 0x00000007f5020000)
  to   space 192K,   0% used [0x00000007f4fc0000, 0x00000007f4fc0000, 0x00000007f4ff0000)
 tenured generation   total 4480K, used 1159K [0x00000007f6e00000, 0x00000007f7260000, 0x00000007fae00000)
   the space 4480K,  25% used [0x00000007f6e00000, 0x00000007f6f21ff8, 0x00000007f6f22000, 0x00000007f7260000)
 compacting perm gen  total 21248K, used 4599K [0x00000007fae00000, 0x00000007fc2c0000, 0x0000000800000000)
   the space 21248K,  21% used [0x00000007fae00000, 0x00000007fb27dd48, 0x00000007fb27de00, 0x00000007fc2c0000)
No shared spaces configured.
}
Event: 0.391 GC heap before
{Heap before GC invocations=3 (full 0):
 def new generation   total 1984K, used 1984K [0x00000007f4e00000, 0x00000007f5020000, 0x00000007f6e00000)
  eden space 1792K, 100% used [0x00000007f4e00000, 0x00000007f4fc0000, 0x00000007f4fc0000)
  from space 192K, 100% used [0x00000007f4ff0000, 0x00000007f5020000, 0x00000007f5020000)
  to   space 192K,   0% used [0x00000007f4fc0000, 0x00000007f4fc0000, 0x00000007f4ff0000)
 tenured generation   total 4480K, used 1159K [0x00000007f6e00000, 0x00000007f7260000, 0x00000007fae00000)
   the space 4480K,  25% used [0x00000007f6e00000, 0x00000007f6f21ff8, 0x00000007f6f22000, 0x00000007f7260000)
 compacting perm gen  total 21248K, used 4984K [0x00000007fae00000, 0x00000007fc2c0000, 0x0000000800000000)
   the space 21248K,  23% used [0x00000007fae00000, 0x00000007fb2de3d8, 0x00000007fb2de400, 0x00000007fc2c0000)
No shared spaces configured.
Event: 0.394 GC heap after
Heap after GC invocations=4 (full 0):
 def new generation   total 1984K, used 191K [0x00000007f4e00000, 0x00000007f5020000, 0x00000007f6e00000)
  eden space 1792K,   0% used [0x00000007f4e00000, 0x00000007f4e00000, 0x00000007f4fc0000)
  from space 192K,  99% used [0x00000007f4fc0000, 0x00000007f4fefff0, 0x00000007f4ff0000)
  to   space 192K,   0% used [0x00000007f4ff0000, 0x00000007f4ff0000, 0x00000007f5020000)
 tenured generation   total 4480K, used 1450K [0x00000007f6e00000, 0x00000007f7260000, 0x00000007fae00000)
   the space 4480K,  32% used [0x00000007f6e00000, 0x00000007f6f6aa80, 0x00000007f6f6ac00, 0x00000007f7260000)
 compacting perm gen  total 21248K, used 4984K [0x00000007fae00000, 0x00000007fc2c0000, 0x0000000800000000)
   the space 21248K,  23% used [0x00000007fae00000, 0x00000007fb2de3d8, 0x00000007fb2de400, 0x00000007fc2c0000)
No shared spaces configured.
}
Event: 0.443 GC heap before
{Heap before GC invocations=4 (full 0):
 def new generation   total 1984K, used 1983K [0x00000007f4e00000, 0x00000007f5020000, 0x00000007f6e00000)
  eden space 1792K, 100% used [0x00000007f4e00000, 0x00000007f4fc0000, 0x00000007f4fc0000)
  from space 192K,  99% used [0x00000007f4fc0000, 0x00000007f4fefff0, 0x00000007f4ff0000)
  to   space 192K,   0% used [0x00000007f4ff0000, 0x00000007f4ff0000, 0x00000007f5020000)
 tenured generation   total 4480K, used 1450K [0x00000007f6e00000, 0x00000007f7260000, 0x00000007fae00000)
   the space 4480K,  32% used [0x00000007f6e00000, 0x00000007f6f6aa80, 0x00000007f6f6ac00, 0x00000007f7260000)
 compacting perm gen  total 21248K, used 5441K [0x00000007fae00000, 0x00000007fc2c0000, 0x0000000800000000)
   the space 21248K,  25% used [0x00000007fae00000, 0x00000007fb350600, 0x00000007fb350600, 0x00000007fc2c0000)
No shared spaces configured.
Event: 0.445 GC heap after
Heap after GC invocations=5 (full 0):
 def new generation   total 1984K, used 192K [0x00000007f4e00000, 0x00000007f5020000, 0x00000007f6e00000)
  eden space 1792K,   0% used [0x00000007f4e00000, 0x00000007f4e00000, 0x00000007f4fc0000)
  from space 192K, 100% used [0x00000007f4ff0000, 0x00000007f5020000, 0x00000007f5020000)
  to   space 192K,   0% used [0x00000007f4fc0000, 0x00000007f4fc0000, 0x00000007f4ff0000)
 tenured generation   total 4480K, used 1597K [0x00000007f6e00000, 0x00000007f7260000, 0x00000007fae00000)
   the space 4480K,  35% used [0x00000007f6e00000, 0x00000007f6f8f658, 0x00000007f6f8f800, 0x00000007f7260000)
 compacting perm gen  total 21248K, used 5441K [0x00000007fae00000, 0x00000007fc2c0000, 0x0000000800000000)
   the space 21248K,  25% used [0x00000007fae00000, 0x00000007fb350600, 0x00000007fb350600, 0x00000007fc2c0000)
No shared spaces configured.
}
Event: 0.483 GC heap before
{Heap before GC invocations=5 (full 0):
 def new generation   total 1984K, used 1984K [0x00000007f4e00000, 0x00000007f5020000, 0x00000007f6e00000)
  eden space 1792K, 100% used [0x00000007f4e00000, 0x00000007f4fc0000, 0x00000007f4fc0000)
  from space 192K, 100% used [0x00000007f4ff0000, 0x00000007f5020000, 0x00000007f5020000)
  to   space 192K,   0% used [0x00000007f4fc0000, 0x00000007f4fc0000, 0x00000007f4ff0000)
 tenured generation   total 4480K, used 1597K [0x00000007f6e00000, 0x00000007f7260000, 0x00000007fae00000)
   the space 4480K,  35% used [0x00000007f6e00000, 0x00000007f6f8f658, 0x00000007f6f8f800, 0x00000007f7260000)
 compacting perm gen  total 21248K, used 5946K [0x00000007fae00000, 0x00000007fc2c0000, 0x0000000800000000)
   the space 21248K,  27% used [0x00000007fae00000, 0x00000007fb3ceaa0, 0x00000007fb3cec00, 0x00000007fc2c0000)
No shared spaces configured.
Event: 0.484 GC heap after
Heap after GC invocations=6 (full 0):
 def new generation   total 1984K, used 192K [0x00000007f4e00000, 0x00000007f5020000, 0x00000007f6e00000)
  eden space 1792K,   0% used [0x00000007f4e00000, 0x00000007f4e00000, 0x00000007f4fc0000)
  from space 192K, 100% used [0x00000007f4fc0000, 0x00000007f4ff0000, 0x00000007f4ff0000)
  to   space 192K,   0% used [0x00000007f4ff0000, 0x00000007f4ff0000, 0x00000007f5020000)
 tenured generation   total 4480K, used 1812K [0x00000007f6e00000, 0x00000007f7260000, 0x00000007fae00000)
   the space 4480K,  40% used [0x00000007f6e00000, 0x00000007f6fc50e0, 0x00000007f6fc5200, 0x00000007f7260000)
 compacting perm gen  total 21248K, used 5946K [0x00000007fae00000, 0x00000007fc2c0000, 0x0000000800000000)
   the space 21248K,  27% used [0x00000007fae00000, 0x00000007fb3ceaa0, 0x00000007fb3cec00, 0x00000007fc2c0000)
No shared spaces configured.
}

