<?xml version="1.0" encoding="UTF-8" ?>
<testsuite failures="0" time="76.218" errors="1" skipped="0" tests="1" name="com.cgi.FirstTest">
  <properties>
[...]
</properties>
  <testcase time="76.218" classname="com.cgi.FirstTest" name="DriverTest">
    <error message="Unable to locate frame with name or ID: Left
Build info: version: &apos;2.45.0&apos;, revision: &apos;5017cb8e7ca8e37638dc3091b2440b90a1d8686f&apos;, time: &apos;2015-02-27 09:10:26&apos;
System info: host: &apos;mabosmtap-m11.corp.local&apos;, ip: &apos;10.168.46.41&apos;, os.name: &apos;Mac OS X&apos;, os.arch: &apos;x86_64&apos;, os.version: &apos;10.9.5&apos;, java.version: &apos;1.7.0_11&apos;
Driver info: driver.version: unknown" type="org.openqa.selenium.NoSuchFrameException">org.openqa.selenium.NoSuchFrameException: Unable to locate frame with name or ID: Left
Build info: version: &apos;2.45.0&apos;, revision: &apos;5017cb8e7ca8e37638dc3091b2440b90a1d8686f&apos;, time: &apos;2015-02-27 09:10:26&apos;
System info: host: &apos;mabosmtap-m11.corp.local&apos;, ip: &apos;10.168.46.41&apos;, os.name: &apos;Mac OS X&apos;, os.arch: &apos;x86_64&apos;, os.version: &apos;10.9.5&apos;, java.version: &apos;1.7.0_11&apos;
Driver info: driver.version: unknown
	at org.openqa.selenium.htmlunit.HtmlUnitDriver$HtmlUnitTargetLocator.frame(HtmlUnitDriver.java:1212)
	at com.cgi.FirstTest.olrLoginMethod(FirstTest.java:202)
	at com.cgi.FirstTest.DriverTest(FirstTest.java:72)
	at sun.reflect.NativeMethodAccessorImpl.invoke0(Native Method)
	at sun.reflect.NativeMethodAccessorImpl.invoke(NativeMethodAccessorImpl.java:57)
	at sun.reflect.DelegatingMethodAccessorImpl.invoke(DelegatingMethodAccessorImpl.java:43)
	at java.lang.reflect.Method.invoke(Method.java:601)
	at org.junit.runners.model.FrameworkMethod$1.runReflectiveCall(FrameworkMethod.java:50)
	at org.junit.internal.runners.model.ReflectiveCallable.run(ReflectiveCallable.java:12)
	at org.junit.runners.model.FrameworkMethod.invokeExplosively(FrameworkMethod.java:47)
	at org.junit.internal.runners.statements.InvokeMethod.evaluate(InvokeMethod.java:17)
	at org.junit.runners.ParentRunner.runLeaf(ParentRunner.java:325)
	at org.junit.runners.BlockJUnit4ClassRunner.runChild(BlockJUnit4ClassRunner.java:78)
	at org.junit.runners.BlockJUnit4ClassRunner.runChild(BlockJUnit4ClassRunner.java:57)
	at org.junit.runners.ParentRunner$3.run(ParentRunner.java:290)
	at org.junit.runners.ParentRunner$1.schedule(ParentRunner.java:71)
	at org.junit.runners.ParentRunner.runChildren(ParentRunner.java:288)
	at org.junit.runners.ParentRunner.access$000(ParentRunner.java:58)
	at org.junit.runners.ParentRunner$2.evaluate(ParentRunner.java:268)
	at org.junit.runners.ParentRunner.run(ParentRunner.java:363)
	at org.apache.maven.surefire.junit4.JUnit4Provider.execute(JUnit4Provider.java:252)
	at org.apache.maven.surefire.junit4.JUnit4Provider.executeTestSet(JUnit4Provider.java:141)
	at org.apache.maven.surefire.junit4.JUnit4Provider.invoke(JUnit4Provider.java:112)
	at sun.reflect.NativeMethodAccessorImpl.invoke0(Native Method)
	at sun.reflect.NativeMethodAccessorImpl.invoke(NativeMethodAccessorImpl.java:57)
	at sun.reflect.DelegatingMethodAccessorImpl.invoke(DelegatingMethodAccessorImpl.java:43)
	at java.lang.reflect.Method.invoke(Method.java:601)
	at org.apache.maven.surefire.util.ReflectionUtils.invokeMethodWithArray(ReflectionUtils.java:189)
	at org.apache.maven.surefire.booter.ProviderFactory$ProviderProxy.invoke(ProviderFactory.java:165)
	at org.apache.maven.surefire.booter.ProviderFactory.invokeProvider(ProviderFactory.java:85)
	at org.apache.maven.surefire.booter.ForkedBooter.runSuitesInProcess(ForkedBooter.java:115)
	at org.apache.maven.surefire.booter.ForkedBooter.main(ForkedBooter.java:75)
</error>
    <system-out>user: soapui_mktg9@ng.com olruser: vinay.thakur@contractor.cengage.com
2015/07/24 14:20:16
*****Value of CB url: https://d-login.cengage.com/cb/login.htm
Wrapped com.gargoylesoftware.htmlunit.ScriptException: TypeError: Cannot find function on in object [object Object]. (https://s-cdn.cengage.com/libs/bootstrap/3.1.1/js/collapse.js?_=1437762041690#151)
***** Failing here ****
Wrapped com.gargoylesoftware.htmlunit.ScriptException: TypeError: Cannot find function on in object [object Object]. (https://s-cdn.cengage.com/libs/bootstrap/3.1.1/js/collapse.js?_=1437762078666#151)
Wrapped com.gargoylesoftware.htmlunit.ScriptException: TypeError: Cannot find function on in object [object Object]. (https://s-cdn.cengage.com/libs/bootstrap/3.1.1/js/collapse.js?_=1437762082888#151)
CourseKey Link generated : http://d-login.cengagebrain.com/course/4LPP-5KDP-N2PJ
Coursekey:   4LPP-5KDP-N2PJ
CourseKey: 4LPP-5KDP-N2PJ
*****Value of OLR url: http://d-olradmin.cengage.com/olr/admin/index.jsp
***** Failing here ****
</system-out>
    <system-err>log4j:WARN No appenders could be found for logger (com.gargoylesoftware.htmlunit.WebClient).
log4j:WARN Please initialize the log4j system properly.
</system-err>
  </testcase>
</testsuite>