# JRE version: 7.0_11-b21
# Java VM: Java HotSpot(TM) 64-Bit Server VM (23.6-b04 mixed mode bsd-amd64 compressed oops)
Heap
 def new generation   total 5120K, used 5120K [0x00000007f5000000, 0x00000007f5580000, 0x00000007f6f50000)
  eden space 4608K, 100% used [0x00000007f5000000, 0x00000007f5480000, 0x00000007f5480000)
  from space 512K, 100% used [0x00000007f5500000, 0x00000007f5580000, 0x00000007f5580000)
  to   space 512K,  98% used [0x00000007f5480000, 0x00000007f54fd788, 0x00000007f5500000)
 tenured generation   total 11212K, used 7326K [0x00000007f6f50000, 0x00000007f7a43000, 0x00000007fae00000)
   the space 11212K,  65% used [0x00000007f6f50000, 0x00000007f7677b80, 0x00000007f7677c00, 0x00000007f7a43000)
 compacting perm gen  total 21248K, used 17985K [0x00000007fae00000, 0x00000007fc2c0000, 0x0000000800000000)
   the space 21248K,  84% used [0x00000007fae00000, 0x00000007fbf90650, 0x00000007fbf90800, 0x00000007fc2c0000)
GC Heap History (10 events):
Event: 2.140 GC heap after
Heap after GC invocations=49 (full 2):
 def new generation   total 3136K, used 320K [0x00000007f5000000, 0x00000007f5360000, 0x00000007f6f50000)
  eden space 2816K,   0% used [0x00000007f5000000, 0x00000007f5000000, 0x00000007f52c0000)
  from space 320K, 100% used [0x00000007f52c0000, 0x00000007f5310000, 0x00000007f5310000)
  to   space 320K,   0% used [0x00000007f5310000, 0x00000007f5310000, 0x00000007f5360000)
 tenured generation   total 6852K, used 5928K [0x00000007f6f50000, 0x00000007f7601000, 0x00000007fae00000)
   the space 6852K,  86% used [0x00000007f6f50000, 0x00000007f751a190, 0x00000007f751a200, 0x00000007f7601000)
 compacting perm gen  total 21248K, used 15055K [0x00000007fae00000, 0x00000007fc2c0000, 0x0000000800000000)
   the space 21248K,  70% used [0x00000007fae00000, 0x00000007fbcb3ef0, 0x00000007fbcb4000, 0x00000007fc2c0000)
No shared spaces configured.
}
Event: 2.188 GC heap before
{Heap before GC invocations=49 (full 2):
 def new generation   total 3136K, used 3136K [0x00000007f5000000, 0x00000007f5360000, 0x00000007f6f50000)
  eden space 2816K, 100% used [0x00000007f5000000, 0x00000007f52c0000, 0x00000007f52c0000)
  from space 320K, 100% used [0x00000007f52c0000, 0x00000007f5310000, 0x00000007f5310000)
  to   space 320K,   0% used [0x00000007f5310000, 0x00000007f5310000, 0x00000007f5360000)
 tenured generation   total 6852K, used 5928K [0x00000007f6f50000, 0x00000007f7601000, 0x00000007fae00000)
   the space 6852K,  86% used [0x00000007f6f50000, 0x00000007f751a190, 0x00000007f751a200, 0x00000007f7601000)
 compacting perm gen  total 21248K, used 15461K [0x00000007fae00000, 0x00000007fc2c0000, 0x0000000800000000)
   the space 21248K,  72% used [0x00000007fae00000, 0x00000007fbd19558, 0x00000007fbd19600, 0x00000007fc2c0000)
No shared spaces configured.
Event: 2.191 GC heap after
Heap after GC invocations=50 (full 2):
 def new generation   total 3136K, used 320K [0x00000007f5000000, 0x00000007f5360000, 0x00000007f6f50000)
  eden space 2816K,   0% used [0x00000007f5000000, 0x00000007f5000000, 0x00000007f52c0000)
  from space 320K, 100% used [0x00000007f5310000, 0x00000007f5360000, 0x00000007f5360000)
  to   space 320K,   0% used [0x00000007f52c0000, 0x00000007f52c0000, 0x00000007f5310000)
 tenured generation   total 6852K, used 6133K [0x00000007f6f50000, 0x00000007f7601000, 0x00000007fae00000)
   the space 6852K,  89% used [0x00000007f6f50000, 0x00000007f754d5c8, 0x00000007f754d600, 0x00000007f7601000)
 compacting perm gen  total 21248K, used 15461K [0x00000007fae00000, 0x00000007fc2c0000, 0x0000000800000000)
   the space 21248K,  72% used [0x00000007fae00000, 0x00000007fbd19558, 0x00000007fbd19600, 0x00000007fc2c0000)
No shared spaces configured.
}
Event: 2.368 GC heap before
{Heap before GC invocations=50 (full 2):
 def new generation   total 3136K, used 3136K [0x00000007f5000000, 0x00000007f5360000, 0x00000007f6f50000)
  eden space 2816K, 100% used [0x00000007f5000000, 0x00000007f52c0000, 0x00000007f52c0000)
  from space 320K, 100% used [0x00000007f5310000, 0x00000007f5360000, 0x00000007f5360000)
  to   space 320K,   0% used [0x00000007f52c0000, 0x00000007f52c0000, 0x00000007f5310000)
 tenured generation   total 6852K, used 6133K [0x00000007f6f50000, 0x00000007f7601000, 0x00000007fae00000)
   the space 6852K,  89% used [0x00000007f6f50000, 0x00000007f754d5c8, 0x00000007f754d600, 0x00000007f7601000)
 compacting perm gen  total 21248K, used 16322K [0x00000007fae00000, 0x00000007fc2c0000, 0x0000000800000000)
   the space 21248K,  76% used [0x00000007fae00000, 0x00000007fbdf08f0, 0x00000007fbdf0a00, 0x00000007fc2c0000)
No shared spaces configured.
Event: 2.374 GC heap after
Heap after GC invocations=51 (full 2):
 def new generation   total 3136K, used 319K [0x00000007f5000000, 0x00000007f5360000, 0x00000007f6f50000)
  eden space 2816K,   0% used [0x00000007f5000000, 0x00000007f5000000, 0x00000007f52c0000)
  from space 320K,  99% used [0x00000007f52c0000, 0x00000007f530fff8, 0x00000007f5310000)
  to   space 320K,   0% used [0x00000007f5310000, 0x00000007f5310000, 0x00000007f5360000)
 tenured generation   total 6852K, used 6589K [0x00000007f6f50000, 0x00000007f7601000, 0x00000007fae00000)
   the space 6852K,  96% used [0x00000007f6f50000, 0x00000007f75bf530, 0x00000007f75bf600, 0x00000007f7601000)
 compacting perm gen  total 21248K, used 16322K [0x00000007fae00000, 0x00000007fc2c0000, 0x0000000800000000)
   the space 21248K,  76% used [0x00000007fae00000, 0x00000007fbdf08f0, 0x00000007fbdf0a00, 0x00000007fc2c0000)
No shared spaces configured.
}
Event: 2.549 GC heap before
{Heap before GC invocations=51 (full 2):
 def new generation   total 3136K, used 3135K [0x00000007f5000000, 0x00000007f5360000, 0x00000007f6f50000)
  eden space 2816K, 100% used [0x00000007f5000000, 0x00000007f52c0000, 0x00000007f52c0000)
  from space 320K,  99% used [0x00000007f52c0000, 0x00000007f530fff8, 0x00000007f5310000)
  to   space 320K,   0% used [0x00000007f5310000, 0x00000007f5310000, 0x00000007f5360000)
 tenured generation   total 6852K, used 6589K [0x00000007f6f50000, 0x00000007f7601000, 0x00000007fae00000)
   the space 6852K,  96% used [0x00000007f6f50000, 0x00000007f75bf530, 0x00000007f75bf600, 0x00000007f7601000)
 compacting perm gen  total 21248K, used 16956K [0x00000007fae00000, 0x00000007fc2c0000, 0x0000000800000000)
   the space 21248K,  79% used [0x00000007fae00000, 0x00000007fbe8f258, 0x00000007fbe8f400, 0x00000007fc2c0000)
No shared spaces configured.
Event: 2.604 GC heap after
Heap after GC invocations=52 (full 3):
 def new generation   total 5120K, used 0K [0x00000007f5000000, 0x00000007f5580000, 0x00000007f6f50000)
  eden space 4608K,   0% used [0x00000007f5000000, 0x00000007f5000000, 0x00000007f5480000)
  from space 512K,   0% used [0x00000007f5480000, 0x00000007f5480000, 0x00000007f5500000)
  to   space 512K,   0% used [0x00000007f5500000, 0x00000007f5500000, 0x00000007f5580000)
 tenured generation   total 11212K, used 6725K [0x00000007f6f50000, 0x00000007f7a43000, 0x00000007fae00000)
   the space 11212K,  59% used [0x00000007f6f50000, 0x00000007f75e1670, 0x00000007f75e1800, 0x00000007f7a43000)
 compacting perm gen  total 21248K, used 16956K [0x00000007fae00000, 0x00000007fc2c0000, 0x0000000800000000)
   the space 21248K,  79% used [0x00000007fae00000, 0x00000007fbe8f258, 0x00000007fbe8f400, 0x00000007fc2c0000)
No shared spaces configured.
}
Event: 2.933 GC heap before
{Heap before GC invocations=52 (full 3):
 def new generation   total 5120K, used 4608K [0x00000007f5000000, 0x00000007f5580000, 0x00000007f6f50000)
  eden space 4608K, 100% used [0x00000007f5000000, 0x00000007f5480000, 0x00000007f5480000)
  from space 512K,   0% used [0x00000007f5480000, 0x00000007f5480000, 0x00000007f5500000)
  to   space 512K,   0% used [0x00000007f5500000, 0x00000007f5500000, 0x00000007f5580000)
 tenured generation   total 11212K, used 6725K [0x00000007f6f50000, 0x00000007f7a43000, 0x00000007fae00000)
   the space 11212K,  59% used [0x00000007f6f50000, 0x00000007f75e1670, 0x00000007f75e1800, 0x00000007f7a43000)
 compacting perm gen  total 21248K, used 17556K [0x00000007fae00000, 0x00000007fc2c0000, 0x0000000800000000)
   the space 21248K,  82% used [0x00000007fae00000, 0x00000007fbf251a8, 0x00000007fbf25200, 0x00000007fc2c0000)
No shared spaces configured.
Event: 2.940 GC heap after
Heap after GC invocations=53 (full 3):
 def new generation   total 5120K, used 512K [0x00000007f5000000, 0x00000007f5580000, 0x00000007f6f50000)
  eden space 4608K,   0% used [0x00000007f5000000, 0x00000007f5000000, 0x00000007f5480000)
  from space 512K, 100% used [0x00000007f5500000, 0x00000007f5580000, 0x00000007f5580000)
  to   space 512K,   0% used [0x00000007f5480000, 0x00000007f5480000, 0x00000007f5500000)
 tenured generation   total 11212K, used 7145K [0x00000007f6f50000, 0x00000007f7a43000, 0x00000007fae00000)
   the space 11212K,  63% used [0x00000007f6f50000, 0x00000007f764a700, 0x00000007f764a800, 0x00000007f7a43000)
 compacting perm gen  total 21248K, used 17556K [0x00000007fae00000, 0x00000007fc2c0000, 0x0000000800000000)
   the space 21248K,  82% used [0x00000007fae00000, 0x00000007fbf251a8, 0x00000007fbf25200, 0x00000007fc2c0000)
No shared spaces configured.
}
Event: 19.494 GC heap before
{Heap before GC invocations=53 (full 3):
 def new generation   total 5120K, used 5120K [0x00000007f5000000, 0x00000007f5580000, 0x00000007f6f50000)
  eden space 4608K, 100% used [0x00000007f5000000, 0x00000007f5480000, 0x00000007f5480000)
  from space 512K, 100% used [0x00000007f5500000, 0x00000007f5580000, 0x00000007f5580000)
  to   space 512K,   0% used [0x00000007f5480000, 0x00000007f5480000, 0x00000007f5500000)
 tenured generation   total 11212K, used 7145K [0x00000007f6f50000, 0x00000007f7a43000, 0x00000007fae00000)
   the space 11212K,  63% used [0x00000007f6f50000, 0x00000007f764a700, 0x00000007f764a800, 0x00000007f7a43000)
 compacting perm gen  total 21248K, used 17985K [0x00000007fae00000, 0x00000007fc2c0000, 0x0000000800000000)
   the space 21248K,  84% used [0x00000007fae00000, 0x00000007fbf90650, 0x00000007fbf90800, 0x00000007fc2c0000)
No shared spaces configured.

